-------------------------------------------------------------------------------
Test set: com.my_app.service.ProductServiceTest
-------------------------------------------------------------------------------
Tests run: 6, Failures: 1, Errors: 0, Skipped: 0, Time elapsed: 0.002 s <<< FAILURE! - in com.my_app.service.ProductServiceTest
testDeleteProduct  Time elapsed: 0 s  <<< FAILURE!
org.opentest4j.AssertionFailedError: Expected java.lang.IllegalStateException to be thrown, but nothing was thrown.
	at com.my_app.service.ProductServiceTest.testDeleteProduct(ProductServiceTest.java:73)

