<?xml version="1.0" encoding="UTF-8"?>
<testsuite xmlns:xsi="http://www.w3.org/2001/XMLSchema-instance" xsi:noNamespaceSchemaLocation="https://maven.apache.org/surefire/maven-surefire-plugin/xsd/surefire-test-report.xsd" name="com.my_app.service.ProductServiceTest" time="0.002" tests="6" errors="0" skipped="0" failures="1">
  <properties>
[...]
</properties>
  <testcase name="testCreateProduct" classname="com.my_app.service.ProductServiceTest" time="0"/>
  <testcase name="testUpdateProductQuantity" classname="com.my_app.service.ProductServiceTest" time="0"/>
  <testcase name="testUpdateProduct" classname="com.my_app.service.ProductServiceTest" time="0"/>
  <testcase name="testGetProductById" classname="com.my_app.service.ProductServiceTest" time="0"/>
  <testcase name="testDeleteProduct" classname="com.my_app.service.ProductServiceTest" time="0">
    <failure message="Expected java.lang.IllegalStateException to be thrown, but nothing was thrown." type="org.opentest4j.AssertionFailedError">org.opentest4j.AssertionFailedError: Expected java.lang.IllegalStateException to be thrown, but nothing was thrown.
	at com.my_app.service.ProductServiceTest.testDeleteProduct(ProductServiceTest.java:73)
</failure>
  </testcase>
  <testcase name="testGetAllProducts" classname="com.my_app.service.ProductServiceTest" time="0.002"/>
</testsuite>